[2025-07-22 10:53:02.307 PM] [32minfo[39m: 	[32m::1 - - [22/Jul/2025:17:23:02 +0000] "POST /api/users HTTP/1.1" 500 22 "-" "PostmanRuntime/7.44.1"[39m
[2025-07-22 10:58:20.480 PM] [32minfo[39m: 	[32m::1 - - [22/Jul/2025:17:28:20 +0000] "POST /api/users HTTP/1.1" 401 40 "-" "PostmanRuntime/7.44.1"[39m
[2025-07-22 11:23:41.060 PM] [32minfo[39m: 	[32m::1 - - [22/Jul/2025:17:53:41 +0000] "POST /api/setup/superadmin HTTP/1.1" 201 289 "-" "PostmanRuntime/7.44.1"[39m
[2025-07-22 11:27:55.777 PM] [32minfo[39m: 	[32m::1 - - [22/Jul/2025:17:57:55 +0000] "POST /api/setup/superadmin HTTP/1.1" 400 35 "-" "PostmanRuntime/7.44.1"[39m
[2025-07-22 11:38:04 PM] info: 	✅ MongoDB connected successfully
[2025-07-22 11:39:34 PM] info: 	::1 - - [22/Jul/2025:18:09:34 +0000] "POST /api/setup/superadmin HTTP/1.1" 400 35 "-" "PostmanRuntime/7.44.1"
[2025-07-22 11:39:54 PM] info: 	::1 - - [22/Jul/2025:18:09:54 +0000] "POST /api/setup/superadmin HTTP/1.1" 400 35 "-" "PostmanRuntime/7.44.1"
[2025-07-22 11:40:03 PM] info: 	::1 - - [22/Jul/2025:18:10:03 +0000] "POST /api/setup/superadmin HTTP/1.1" 400 35 "-" "PostmanRuntime/7.44.1"
[2025-07-23 03:35:23 PM] info: 	✅ MongoDB connected successfully
[2025-07-23 03:37:07 PM] info: 	✅ MongoDB connected successfully
[2025-07-23 03:37:13 PM] info: 	User logged in: superadmin2@example.com (Role: superadmin)
[2025-07-23 03:37:13 PM] info: 	::1 - - [23/Jul/2025:10:07:13 +0000] "POST /api/auth/login HTTP/1.1" 200 369 "-" "PostmanRuntime/7.44.1"
[2025-07-23 03:51:55 PM] info: 	::1 - - [23/Jul/2025:10:21:55 +0000] "POST /api/tenants HTTP/1.1" 401 24 "-" "PostmanRuntime/7.44.1"
[2025-07-23 03:59:27 PM] info: 	::1 - - [23/Jul/2025:10:29:27 +0000] "POST /api/tenants HTTP/1.1" 401 24 "-" "PostmanRuntime/7.44.1"
[2025-07-23 04:00:26 PM] info: 	✅ MongoDB connected successfully
[2025-07-23 04:00:30 PM] info: 	::1 - - [23/Jul/2025:10:30:30 +0000] "POST /api/tenants HTTP/1.1" 401 29 "-" "PostmanRuntime/7.44.1"
[2025-07-23 04:08:53 PM] info: 	✅ MongoDB connected successfully
[2025-07-23 04:10:00 PM] info: 	✅ MongoDB connected successfully
[2025-07-23 04:11:14 PM] info: 	✅ MongoDB connected successfully
[2025-07-23 04:11:44 PM] info: 	Authenticated user: superadmin2@example.com (superadmin)
[2025-07-23 04:11:44 PM] info: 	Tenant created: FitLife Gym (fitlife-example-com) by john@fitlife.com
[2025-07-23 04:11:44 PM] info: 	::1 - - [23/Jul/2025:10:41:44 +0000] "POST /api/tenants HTTP/1.1" 201 215 "-" "PostmanRuntime/7.44.1"
[2025-07-23 04:18:11 PM] info: 	User logged in: john@fitlife.com (Role: owner)
[2025-07-23 04:18:11 PM] info: 	::1 - - [23/Jul/2025:10:48:11 +0000] "POST /api/auth/login HTTP/1.1" 200 381 "-" "PostmanRuntime/7.44.1"
[2025-07-23 04:21:02 PM] info: 	Authenticated user: john@fitlife.com (owner)
[2025-07-23 04:21:02 PM] info: 	::1 - - [23/Jul/2025:10:51:02 +0000] "GET /api/users HTTP/1.1" 200 250 "-" "PostmanRuntime/7.44.1"
[2025-07-23 04:24:18 PM] info: 	Authenticated user: john@fitlife.com (owner)
[2025-07-23 04:24:18 PM] info: 	::1 - - [23/Jul/2025:10:54:18 +0000] "POST /api/users HTTP/1.1" 201 258 "-" "PostmanRuntime/7.44.1"
[2025-07-23 04:27:25 PM] warn: 	No token provided
[2025-07-23 04:27:25 PM] info: 	::1 - - [23/Jul/2025:10:57:25 +0000] "POST /api/users HTTP/1.1" 401 27 "-" "PostmanRuntime/7.44.1"
[2025-07-23 04:47:51 PM] info: 	✅ MongoDB connected successfully
[2025-07-23 07:47:45 PM] info: 	✅ MongoDB connected successfully
[2025-07-23 08:01:56 PM] warn: 	No token provided
[2025-07-23 08:01:56 PM] info: 	::1 - - [23/Jul/2025:14:31:56 +0000] "POST /api/users HTTP/1.1" 401 27 "-" "PostmanRuntime/7.44.1"
[2025-07-23 08:03:10 PM] info: 	User logged in: alice@fitlife.com (Role: frontdesk)
[2025-07-23 08:03:10 PM] info: 	::1 - - [23/Jul/2025:14:33:10 +0000] "POST /api/auth/login HTTP/1.1" 200 396 "-" "PostmanRuntime/7.44.1"
[2025-07-23 08:30:18 PM] info: 	✅ MongoDB connected successfully
[2025-07-23 08:37:17 PM] info: 	✅ MongoDB connected successfully
[2025-07-23 08:38:25 PM] info: 	✅ MongoDB connected successfully
[2025-07-23 08:39:35 PM] info: 	✅ MongoDB connected successfully
[2025-07-23 08:45:43 PM] info: 	✅ MongoDB connected successfully
[2025-07-23 08:47:55 PM] info: 	✅ MongoDB connected successfully
[2025-07-23 09:29:41 PM] info: 	Authenticated user: alice@fitlife.com (frontdesk)
[2025-07-23 09:29:41 PM] error: 	Trainer creation failed: Cannot read properties of undefined (reading 'TRAINER')
[2025-07-23 09:29:41 PM] info: 	::1 - - [23/Jul/2025:15:59:41 +0000] "POST /api/trainers HTTP/1.1" 500 88 "-" "PostmanRuntime/7.44.1"
[2025-07-23 09:38:45 PM] info: 	✅ MongoDB connected successfully
[2025-07-23 10:57:05 PM] info: 	✅ MongoDB connected successfully
[2025-07-23 10:58:26 PM] info: 	✅ MongoDB connected successfully
[2025-07-23 10:58:38 PM] info: 	Authenticated user: alice@fitlife.com (frontdesk)
[2025-07-23 10:58:38 PM] error: 	Trainer creation error: Cannot read properties of undefined (reading 'TRAINER')
[2025-07-23 10:58:38 PM] info: 	::1 - - [23/Jul/2025:17:28:38 +0000] "POST /api/trainers HTTP/1.1" 500 108 "-" "PostmanRuntime/7.44.1"
[2025-07-23 11:00:06 PM] info: 	✅ MongoDB connected successfully
[2025-07-23 11:02:42 PM] info: 	✅ MongoDB connected successfully
[2025-07-23 11:03:18 PM] info: 	✅ MongoDB connected successfully
[2025-07-23 11:04:44 PM] info: 	✅ MongoDB connected successfully
[2025-07-23 11:05:05 PM] info: 	✅ MongoDB connected successfully
[2025-07-23 11:05:16 PM] info: 	✅ MongoDB connected successfully
[2025-07-23 11:08:46 PM] info: 	✅ MongoDB connected successfully
[2025-07-23 11:09:32 PM] info: 	Authenticated user: alice@fitlife.com (frontdesk)
[2025-07-23 11:09:32 PM] info: 	Trainer created by alice@fitlife.com: alex.trainer@gym.com
[2025-07-23 11:09:33 PM] info: 	::1 - - [23/Jul/2025:17:39:33 +0000] "POST /api/trainers HTTP/1.1" 201 236 "-" "PostmanRuntime/7.44.1"
[2025-07-23 11:10:02 PM] info: 	Authenticated user: alice@fitlife.com (frontdesk)
[2025-07-23 11:10:02 PM] info: 	Trainer created by alice@fitlife.com: trainer@gym.com
[2025-07-23 11:10:02 PM] info: 	::1 - - [23/Jul/2025:17:40:02 +0000] "POST /api/trainers HTTP/1.1" 201 227 "-" "PostmanRuntime/7.44.1"
[2025-07-23 11:12:29 PM] info: 	Authenticated user: alice@fitlife.com (frontdesk)
[2025-07-23 11:12:29 PM] info: 	Trainer created by alice@fitlife.com: trainerkirti@gym.com
[2025-07-23 11:12:29 PM] info: 	::1 - - [23/Jul/2025:17:42:29 +0000] "POST /api/trainers HTTP/1.1" 201 233 "-" "PostmanRuntime/7.44.1"
[2025-07-23 11:17:33 PM] info: 	::1 - - [23/Jul/2025:17:47:33 +0000] "GET /api/trainers HTTP/1.1" 404 151 "-" "PostmanRuntime/7.44.1"
[2025-07-23 11:22:33 PM] info: 	✅ MongoDB connected successfully
[2025-07-23 11:22:53 PM] info: 	✅ MongoDB connected successfully
[2025-07-23 11:23:00 PM] info: 	✅ MongoDB connected successfully
[2025-07-23 11:23:22 PM] info: 	✅ MongoDB connected successfully
[2025-07-23 11:23:28 PM] info: 	✅ MongoDB connected successfully
[2025-07-23 11:24:27 PM] info: 	✅ MongoDB connected successfully
[2025-07-23 11:24:37 PM] info: 	✅ MongoDB connected successfully
[2025-07-23 11:48:47 PM] info: 	✅ MongoDB connected successfully
[2025-07-23 11:48:58 PM] info: 	✅ MongoDB connected successfully
[2025-07-23 11:52:33 PM] info: 	Authenticated user: alice@fitlife.com (frontdesk)
[2025-07-23 11:52:34 PM] info: 	::1 - - [23/Jul/2025:18:22:34 +0000] "POST /api/members HTTP/1.1" 500 40 "-" "PostmanRuntime/7.44.1"
[2025-07-23 11:57:12 PM] info: 	✅ MongoDB connected successfully
[2025-07-23 11:57:51 PM] info: 	✅ MongoDB connected successfully
[2025-07-23 11:59:15 PM] info: 	Authenticated user: alice@fitlife.com (frontdesk)
[2025-07-23 11:59:16 PM] info: 	::1 - - [23/Jul/2025:18:29:16 +0000] "POST /api/members HTTP/1.1" 500 109 "-" "PostmanRuntime/7.44.1"
[2025-07-24 12:04:44 AM] info: 	✅ MongoDB connected successfully
[2025-07-24 12:06:09 AM] info: 	✅ MongoDB connected successfully
[2025-07-24 12:08:07 AM] info: 	Authenticated user: alice@fitlife.com (frontdesk)
[2025-07-24 12:08:07 AM] info: 	::1 - - [23/Jul/2025:18:38:07 +0000] "POST /api/members HTTP/1.1" 500 76 "-" "PostmanRuntime/7.44.1"
[2025-07-24 12:08:21 AM] info: 	Authenticated user: alice@fitlife.com (frontdesk)
[2025-07-24 12:08:21 AM] info: 	::1 - - [23/Jul/2025:18:38:21 +0000] "POST /api/members HTTP/1.1" 500 76 "-" "PostmanRuntime/7.44.1"
[2025-07-24 12:09:55 AM] info: 	✅ MongoDB connected successfully
[2025-07-27 07:37:06 AM] info: 	✅ MongoDB connected successfully
[2025-07-27 07:37:39 AM] info: 	Authenticated user: superadmin2@example.com (superadmin)
[2025-07-27 07:37:39 AM] info: 	::1 - - [27/Jul/2025:02:07:39 +0000] "GET /api/auth/me HTTP/1.1" 200 176 "http://localhost:5173/" "Mozilla/5.0 (Windows NT 10.0; Win64; x64) AppleWebKit/537.36 (KHTML, like Gecko) Chrome/138.0.0.0 Safari/537.36"
[2025-07-27 07:37:39 AM] info: 	Authenticated user: superadmin2@example.com (superadmin)
[2025-07-27 07:37:39 AM] info: 	::1 - - [27/Jul/2025:02:07:39 +0000] "GET /api/auth/me HTTP/1.1" 304 - "http://localhost:5173/" "Mozilla/5.0 (Windows NT 10.0; Win64; x64) AppleWebKit/537.36 (KHTML, like Gecko) Chrome/138.0.0.0 Safari/537.36"
[2025-07-27 07:42:16 AM] info: 	User logged in: superadmin2@example.com (Role: superadmin)
[2025-07-27 07:42:16 AM] info: 	::1 - - [27/Jul/2025:02:12:16 +0000] "POST /api/auth/login HTTP/1.1" 200 369 "http://localhost:5173/" "Mozilla/5.0 (Windows NT 10.0; Win64; x64) AppleWebKit/537.36 (KHTML, like Gecko) Chrome/138.0.0.0 Safari/537.36"
[2025-07-27 07:42:16 AM] info: 	Authenticated user: superadmin2@example.com (superadmin)
[2025-07-27 07:42:16 AM] info: 	::1 - - [27/Jul/2025:02:12:16 +0000] "GET /api/auth/me HTTP/1.1" 304 - "http://localhost:5173/" "Mozilla/5.0 (Windows NT 10.0; Win64; x64) AppleWebKit/537.36 (KHTML, like Gecko) Chrome/138.0.0.0 Safari/537.36"
[2025-07-27 07:51:02 AM] info: 	User logged in: superadmin2@example.com (Role: superadmin)
[2025-07-27 07:51:02 AM] info: 	::1 - - [27/Jul/2025:02:21:02 +0000] "POST /api/auth/login HTTP/1.1" 200 369 "http://localhost:5173/" "Mozilla/5.0 (Windows NT 10.0; Win64; x64) AppleWebKit/537.36 (KHTML, like Gecko) Chrome/138.0.0.0 Safari/537.36"
[2025-07-27 07:51:16 AM] info: 	Authenticated user: superadmin2@example.com (superadmin)
[2025-07-27 07:51:16 AM] info: 	::1 - - [27/Jul/2025:02:21:16 +0000] "GET /api/members HTTP/1.1" 403 46 "http://localhost:5173/" "Mozilla/5.0 (Windows NT 10.0; Win64; x64) AppleWebKit/537.36 (KHTML, like Gecko) Chrome/138.0.0.0 Safari/537.36"
[2025-07-27 07:51:16 AM] info: 	Authenticated user: superadmin2@example.com (superadmin)
[2025-07-27 07:51:16 AM] info: 	::1 - - [27/Jul/2025:02:21:16 +0000] "GET /api/members HTTP/1.1" 403 46 "http://localhost:5173/" "Mozilla/5.0 (Windows NT 10.0; Win64; x64) AppleWebKit/537.36 (KHTML, like Gecko) Chrome/138.0.0.0 Safari/537.36"
[2025-07-27 07:51:18 AM] info: 	Authenticated user: superadmin2@example.com (superadmin)
[2025-07-27 07:51:18 AM] info: 	::1 - - [27/Jul/2025:02:21:18 +0000] "GET /api/users HTTP/1.1" 403 46 "http://localhost:5173/" "Mozilla/5.0 (Windows NT 10.0; Win64; x64) AppleWebKit/537.36 (KHTML, like Gecko) Chrome/138.0.0.0 Safari/537.36"
[2025-07-27 07:51:18 AM] info: 	Authenticated user: superadmin2@example.com (superadmin)
[2025-07-27 07:51:18 AM] info: 	::1 - - [27/Jul/2025:02:21:18 +0000] "GET /api/users HTTP/1.1" 403 46 "http://localhost:5173/" "Mozilla/5.0 (Windows NT 10.0; Win64; x64) AppleWebKit/537.36 (KHTML, like Gecko) Chrome/138.0.0.0 Safari/537.36"
[2025-07-27 07:52:38 AM] info: 	User logged in: john@fitlife.com (Role: owner)
[2025-07-27 07:52:38 AM] info: 	::1 - - [27/Jul/2025:02:22:38 +0000] "POST /api/auth/login HTTP/1.1" 200 381 "http://localhost:5173/" "Mozilla/5.0 (Windows NT 10.0; Win64; x64) AppleWebKit/537.36 (KHTML, like Gecko) Chrome/138.0.0.0 Safari/537.36"
[2025-07-27 07:52:49 AM] info: 	Authenticated user: john@fitlife.com (owner)
[2025-07-27 07:52:49 AM] info: 	1 members retrieved by john@fitlife.com
[2025-07-27 07:52:49 AM] info: 	::1 - - [27/Jul/2025:02:22:49 +0000] "GET /api/members HTTP/1.1" 200 347 "http://localhost:5173/" "Mozilla/5.0 (Windows NT 10.0; Win64; x64) AppleWebKit/537.36 (KHTML, like Gecko) Chrome/138.0.0.0 Safari/537.36"
[2025-07-27 07:52:49 AM] info: 	Authenticated user: john@fitlife.com (owner)
[2025-07-27 07:52:50 AM] info: 	1 members retrieved by john@fitlife.com
[2025-07-27 07:52:50 AM] info: 	::1 - - [27/Jul/2025:02:22:50 +0000] "GET /api/members HTTP/1.1" 304 - "http://localhost:5173/" "Mozilla/5.0 (Windows NT 10.0; Win64; x64) AppleWebKit/537.36 (KHTML, like Gecko) Chrome/138.0.0.0 Safari/537.36"
[2025-07-27 07:52:54 AM] info: 	Authenticated user: john@fitlife.com (owner)
[2025-07-27 07:52:54 AM] info: 	::1 - - [27/Jul/2025:02:22:54 +0000] "GET /api/users HTTP/1.1" 200 1358 "http://localhost:5173/" "Mozilla/5.0 (Windows NT 10.0; Win64; x64) AppleWebKit/537.36 (KHTML, like Gecko) Chrome/138.0.0.0 Safari/537.36"
[2025-07-27 07:52:54 AM] info: 	Authenticated user: john@fitlife.com (owner)
[2025-07-27 07:52:54 AM] info: 	::1 - - [27/Jul/2025:02:22:54 +0000] "GET /api/users HTTP/1.1" 304 - "http://localhost:5173/" "Mozilla/5.0 (Windows NT 10.0; Win64; x64) AppleWebKit/537.36 (KHTML, like Gecko) Chrome/138.0.0.0 Safari/537.36"
[2025-07-27 07:52:57 AM] info: 	Authenticated user: john@fitlife.com (owner)
[2025-07-27 07:52:57 AM] info: 	1 members retrieved by john@fitlife.com
[2025-07-27 07:52:57 AM] info: 	::1 - - [27/Jul/2025:02:22:57 +0000] "GET /api/members HTTP/1.1" 304 - "http://localhost:5173/" "Mozilla/5.0 (Windows NT 10.0; Win64; x64) AppleWebKit/537.36 (KHTML, like Gecko) Chrome/138.0.0.0 Safari/537.36"
[2025-07-27 07:52:57 AM] info: 	Authenticated user: john@fitlife.com (owner)
[2025-07-27 07:52:57 AM] info: 	1 members retrieved by john@fitlife.com
[2025-07-27 07:52:57 AM] info: 	::1 - - [27/Jul/2025:02:22:57 +0000] "GET /api/members HTTP/1.1" 304 - "http://localhost:5173/" "Mozilla/5.0 (Windows NT 10.0; Win64; x64) AppleWebKit/537.36 (KHTML, like Gecko) Chrome/138.0.0.0 Safari/537.36"
[2025-07-27 07:54:12 AM] info: 	User logged in: alice@fitlife.com (Role: frontdesk)
[2025-07-27 07:54:12 AM] info: 	::1 - - [27/Jul/2025:02:24:12 +0000] "POST /api/auth/login HTTP/1.1" 200 396 "http://localhost:5173/" "Mozilla/5.0 (Windows NT 10.0; Win64; x64) AppleWebKit/537.36 (KHTML, like Gecko) Chrome/138.0.0.0 Safari/537.36"
[2025-07-27 07:54:12 AM] info: 	Authenticated user: alice@fitlife.com (frontdesk)
[2025-07-27 07:54:12 AM] info: 	1 members retrieved by alice@fitlife.com
[2025-07-27 07:54:12 AM] info: 	::1 - - [27/Jul/2025:02:24:12 +0000] "GET /api/members HTTP/1.1" 304 - "http://localhost:5173/" "Mozilla/5.0 (Windows NT 10.0; Win64; x64) AppleWebKit/537.36 (KHTML, like Gecko) Chrome/138.0.0.0 Safari/537.36"
[2025-07-27 07:54:12 AM] info: 	Authenticated user: alice@fitlife.com (frontdesk)
[2025-07-27 07:54:13 AM] info: 	1 members retrieved by alice@fitlife.com
[2025-07-27 07:54:13 AM] info: 	::1 - - [27/Jul/2025:02:24:13 +0000] "GET /api/members HTTP/1.1" 304 - "http://localhost:5173/" "Mozilla/5.0 (Windows NT 10.0; Win64; x64) AppleWebKit/537.36 (KHTML, like Gecko) Chrome/138.0.0.0 Safari/537.36"
[2025-07-27 07:54:27 AM] info: 	Authenticated user: alice@fitlife.com (frontdesk)
[2025-07-27 07:54:27 AM] info: 	1 members retrieved by alice@fitlife.com
[2025-07-27 07:54:27 AM] info: 	::1 - - [27/Jul/2025:02:24:27 +0000] "GET /api/members HTTP/1.1" 304 - "http://localhost:5173/" "Mozilla/5.0 (Windows NT 10.0; Win64; x64) AppleWebKit/537.36 (KHTML, like Gecko) Chrome/138.0.0.0 Safari/537.36"
[2025-07-27 07:54:27 AM] info: 	Authenticated user: alice@fitlife.com (frontdesk)
[2025-07-27 07:54:28 AM] info: 	1 members retrieved by alice@fitlife.com
[2025-07-27 07:54:28 AM] info: 	::1 - - [27/Jul/2025:02:24:28 +0000] "GET /api/members HTTP/1.1" 304 - "http://localhost:5173/" "Mozilla/5.0 (Windows NT 10.0; Win64; x64) AppleWebKit/537.36 (KHTML, like Gecko) Chrome/138.0.0.0 Safari/537.36"
[2025-07-27 07:54:30 AM] info: 	Authenticated user: alice@fitlife.com (frontdesk)
[2025-07-27 07:54:30 AM] info: 	::1 - - [27/Jul/2025:02:24:30 +0000] "GET /api/users HTTP/1.1" 403 46 "http://localhost:5173/" "Mozilla/5.0 (Windows NT 10.0; Win64; x64) AppleWebKit/537.36 (KHTML, like Gecko) Chrome/138.0.0.0 Safari/537.36"
[2025-07-27 07:54:30 AM] info: 	Authenticated user: alice@fitlife.com (frontdesk)
[2025-07-27 07:54:30 AM] info: 	::1 - - [27/Jul/2025:02:24:30 +0000] "GET /api/users HTTP/1.1" 403 46 "http://localhost:5173/" "Mozilla/5.0 (Windows NT 10.0; Win64; x64) AppleWebKit/537.36 (KHTML, like Gecko) Chrome/138.0.0.0 Safari/537.36"
[2025-07-27 07:55:14 AM] info: 	Authenticated user: alice@fitlife.com (frontdesk)
[2025-07-27 07:55:14 AM] info: 	1 members retrieved by alice@fitlife.com
[2025-07-27 07:55:14 AM] info: 	::1 - - [27/Jul/2025:02:25:14 +0000] "GET /api/members HTTP/1.1" 304 - "http://localhost:5173/" "Mozilla/5.0 (Windows NT 10.0; Win64; x64) AppleWebKit/537.36 (KHTML, like Gecko) Chrome/138.0.0.0 Safari/537.36"
[2025-07-27 07:55:14 AM] info: 	Authenticated user: alice@fitlife.com (frontdesk)
[2025-07-27 07:55:14 AM] info: 	1 members retrieved by alice@fitlife.com
[2025-07-27 07:55:14 AM] info: 	::1 - - [27/Jul/2025:02:25:14 +0000] "GET /api/members HTTP/1.1" 304 - "http://localhost:5173/" "Mozilla/5.0 (Windows NT 10.0; Win64; x64) AppleWebKit/537.36 (KHTML, like Gecko) Chrome/138.0.0.0 Safari/537.36"
[2025-07-27 07:55:18 AM] info: 	Authenticated user: alice@fitlife.com (frontdesk)
[2025-07-27 07:55:18 AM] info: 	::1 - - [27/Jul/2025:02:25:18 +0000] "GET /api/users HTTP/1.1" 403 46 "http://localhost:5173/" "Mozilla/5.0 (Windows NT 10.0; Win64; x64) AppleWebKit/537.36 (KHTML, like Gecko) Chrome/138.0.0.0 Safari/537.36"
[2025-07-27 07:55:18 AM] info: 	Authenticated user: alice@fitlife.com (frontdesk)
[2025-07-27 07:55:18 AM] info: 	::1 - - [27/Jul/2025:02:25:18 +0000] "GET /api/users HTTP/1.1" 403 46 "http://localhost:5173/" "Mozilla/5.0 (Windows NT 10.0; Win64; x64) AppleWebKit/537.36 (KHTML, like Gecko) Chrome/138.0.0.0 Safari/537.36"
[2025-07-27 07:55:50 AM] info: 	Authenticated user: alice@fitlife.com (frontdesk)
[2025-07-27 07:55:50 AM] info: 	::1 - - [27/Jul/2025:02:25:50 +0000] "POST /api/users HTTP/1.1" 403 46 "http://localhost:5173/" "Mozilla/5.0 (Windows NT 10.0; Win64; x64) AppleWebKit/537.36 (KHTML, like Gecko) Chrome/138.0.0.0 Safari/537.36"
[2025-07-29 09:37:55 PM] info: 	Authenticated user: alice@fitlife.com (frontdesk)
[2025-07-29 09:37:55 PM] info: 	::1 - - [29/Jul/2025:16:07:55 +0000] "GET /api/auth/me HTTP/1.1" 200 184 "-" "PostmanRuntime/7.44.1"
[2025-07-29 09:39:35 PM] info: 	::1 - - [29/Jul/2025:16:09:35 +0000] "GET /api/trainers/ HTTP/1.1" 404 152 "-" "PostmanRuntime/7.44.1"
[2025-07-30 07:02:08 AM] info: 	User logged in: john@fitlife.com (Role: owner)
[2025-07-30 07:02:08 AM] info: 	::1 - - [30/Jul/2025:01:32:08 +0000] "POST /api/auth/login HTTP/1.1" 200 381 "-" "PostmanRuntime/7.44.1"
[2025-07-30 07:02:44 AM] info: 	Authenticated user: john@fitlife.com (owner)
[2025-07-30 07:02:44 AM] info: 	::1 - - [30/Jul/2025:01:32:44 +0000] "GET /api/auth/me HTTP/1.1" 200 174 "-" "PostmanRuntime/7.44.1"
[2025-07-30 07:11:12 AM] warn: 	No token provided
[2025-07-30 07:11:12 AM] info: 	::1 - - [30/Jul/2025:01:41:12 +0000] "GET /api/users HTTP/1.1" 401 27 "-" "PostmanRuntime/7.44.1"
[2025-07-30 07:11:39 AM] info: 	Authenticated user: john@fitlife.com (owner)
[2025-07-30 07:11:39 AM] info: 	::1 - - [30/Jul/2025:01:41:39 +0000] "GET /api/users HTTP/1.1" 200 1022 "-" "PostmanRuntime/7.44.1"
[2025-07-30 07:14:15 AM] warn: 	No token provided
[2025-07-30 07:14:15 AM] info: 	::1 - - [30/Jul/2025:01:44:15 +0000] "GET /api/users?tenantId=fitlife-example-com HTTP/1.1" 401 27 "-" "PostmanRuntime/7.44.1"
[2025-07-30 07:14:34 AM] info: 	Authenticated user: john@fitlife.com (owner)
[2025-07-30 07:14:34 AM] info: 	::1 - - [30/Jul/2025:01:44:34 +0000] "GET /api/users?tenantId=fitlife-example-com HTTP/1.1" 200 1022 "-" "PostmanRuntime/7.44.1"
[2025-07-30 07:18:31 AM] info: 	User logged in: superadmin2@example.com (Role: superadmin)
[2025-07-30 07:18:31 AM] info: 	::1 - - [30/Jul/2025:01:48:31 +0000] "POST /api/auth/login HTTP/1.1" 200 369 "-" "PostmanRuntime/7.44.1"
[2025-07-30 09:27:42 PM] info: 	User logged in: john@fitlife.com (Role: owner)
[2025-07-30 09:27:42 PM] info: 	::1 - - [30/Jul/2025:15:57:42 +0000] "POST /api/auth/login HTTP/1.1" 200 381 "http://localhost:5173/" "Mozilla/5.0 (Windows NT 10.0; Win64; x64) AppleWebKit/537.36 (KHTML, like Gecko) Chrome/138.0.0.0 Safari/537.36"
[2025-07-30 09:28:43 PM] info: 	User logged in: superadmin2@example.com (Role: superadmin)
[2025-07-30 09:28:43 PM] info: 	::1 - - [30/Jul/2025:15:58:43 +0000] "POST /api/auth/login HTTP/1.1" 200 369 "http://localhost:5173/" "Mozilla/5.0 (Windows NT 10.0; Win64; x64) AppleWebKit/537.36 (KHTML, like Gecko) Chrome/138.0.0.0 Safari/537.36"
[2025-07-30 09:34:57 PM] info: 	Authenticated user: superadmin2@example.com (superadmin)
[2025-07-30 09:34:57 PM] info: 	::1 - - [30/Jul/2025:16:04:57 +0000] "GET /api/members HTTP/1.1" 403 46 "http://localhost:5173/" "Mozilla/5.0 (Windows NT 10.0; Win64; x64) AppleWebKit/537.36 (KHTML, like Gecko) Chrome/138.0.0.0 Safari/537.36"
[2025-07-30 09:34:57 PM] info: 	Authenticated user: superadmin2@example.com (superadmin)
[2025-07-30 09:34:57 PM] info: 	::1 - - [30/Jul/2025:16:04:57 +0000] "GET /api/members HTTP/1.1" 403 46 "http://localhost:5173/" "Mozilla/5.0 (Windows NT 10.0; Win64; x64) AppleWebKit/537.36 (KHTML, like Gecko) Chrome/138.0.0.0 Safari/537.36"
[2025-07-30 09:34:58 PM] info: 	Authenticated user: superadmin2@example.com (superadmin)
[2025-07-30 09:34:58 PM] info: 	::1 - - [30/Jul/2025:16:04:58 +0000] "GET /api/users HTTP/1.1" 403 46 "http://localhost:5173/" "Mozilla/5.0 (Windows NT 10.0; Win64; x64) AppleWebKit/537.36 (KHTML, like Gecko) Chrome/138.0.0.0 Safari/537.36"
[2025-07-30 09:34:59 PM] info: 	Authenticated user: superadmin2@example.com (superadmin)
[2025-07-30 09:34:59 PM] info: 	::1 - - [30/Jul/2025:16:04:59 +0000] "GET /api/users HTTP/1.1" 403 46 "http://localhost:5173/" "Mozilla/5.0 (Windows NT 10.0; Win64; x64) AppleWebKit/537.36 (KHTML, like Gecko) Chrome/138.0.0.0 Safari/537.36"
[2025-07-30 09:35:08 PM] info: 	Authenticated user: superadmin2@example.com (superadmin)
[2025-07-30 09:35:08 PM] info: 	::1 - - [30/Jul/2025:16:05:08 +0000] "GET /api/members HTTP/1.1" 403 46 "http://localhost:5173/" "Mozilla/5.0 (Windows NT 10.0; Win64; x64) AppleWebKit/537.36 (KHTML, like Gecko) Chrome/138.0.0.0 Safari/537.36"
[2025-07-30 09:35:08 PM] info: 	Authenticated user: superadmin2@example.com (superadmin)
[2025-07-30 09:35:08 PM] info: 	::1 - - [30/Jul/2025:16:05:08 +0000] "GET /api/members HTTP/1.1" 403 46 "http://localhost:5173/" "Mozilla/5.0 (Windows NT 10.0; Win64; x64) AppleWebKit/537.36 (KHTML, like Gecko) Chrome/138.0.0.0 Safari/537.36"
[2025-07-30 10:47:54 PM] info: 	Subscription scheduled jobs initialized
[2025-07-30 10:49:25 PM] info: 	Subscription scheduled jobs initialized
[2025-07-30 10:50:41 PM] info: 	Authenticated user: superadmin2@example.com (superadmin)
[2025-07-30 10:50:41 PM] info: 	::1 - - [30/Jul/2025:17:20:41 +0000] "GET /api/members HTTP/1.1" 403 46 "http://localhost:5173/" "Mozilla/5.0 (Windows NT 10.0; Win64; x64) AppleWebKit/537.36 (KHTML, like Gecko) Chrome/138.0.0.0 Safari/537.36"
[2025-07-30 10:50:41 PM] info: 	Authenticated user: superadmin2@example.com (superadmin)
[2025-07-30 10:50:41 PM] info: 	::1 - - [30/Jul/2025:17:20:41 +0000] "GET /api/members HTTP/1.1" 403 46 "http://localhost:5173/" "Mozilla/5.0 (Windows NT 10.0; Win64; x64) AppleWebKit/537.36 (KHTML, like Gecko) Chrome/138.0.0.0 Safari/537.36"
[2025-07-30 11:05:03 PM] info: 	User logged in: superadmin2@example.com (Role: superadmin)
[2025-07-30 11:05:03 PM] info: 	::1 - - [30/Jul/2025:17:35:03 +0000] "POST /api/auth/login HTTP/1.1" 200 369 "-" "PostmanRuntime/7.44.1"
[2025-07-30 11:08:25 PM] info: 	Authenticated user: superadmin2@example.com (superadmin)
[2025-07-30 11:08:25 PM] info: 	::1 - - [30/Jul/2025:17:38:25 +0000] "POST /api/tenants HTTP/1.1" 400 51 "-" "PostmanRuntime/7.44.1"
[2025-07-31 07:35:15 AM] info: 	Subscription scheduled jobs initialized
[2025-07-31 07:42:59 AM] info: 	User logged in: superadmin2@example.com (Role: superadmin)
[2025-07-31 07:42:59 AM] info: 	::1 - - [31/Jul/2025:02:12:59 +0000] "POST /api/auth/login HTTP/1.1" 200 369 "-" "PostmanRuntime/7.44.1"
[2025-07-31 07:46:50 AM] info: 	Authenticated user: superadmin2@example.com (superadmin)
[2025-07-31 07:46:50 AM] info: 	Tenant created: BOB Gym (BOB-example-com) by superadmin2@example.com
[2025-07-31 07:46:50 AM] info: 	::1 - - [31/Jul/2025:02:16:50 +0000] "POST /api/tenants HTTP/1.1" 201 434 "-" "PostmanRuntime/7.44.1"
[2025-07-31 07:48:28 AM] info: 	User logged in: john@fitlife.com (Role: owner)
[2025-07-31 07:48:28 AM] info: 	::1 - - [31/Jul/2025:02:18:28 +0000] "POST /api/auth/login HTTP/1.1" 200 381 "-" "PostmanRuntime/7.44.1"
[2025-07-31 07:49:17 AM] info: 	User logged in: Pankaj@BOB.com (Role: owner)
[2025-07-31 07:49:17 AM] info: 	::1 - - [31/Jul/2025:02:19:17 +0000] "POST /api/auth/login HTTP/1.1" 200 367 "-" "PostmanRuntime/7.44.1"
[2025-07-31 07:51:33 AM] info: 	Authenticated user: Pankaj@BOB.com (owner)
[2025-07-31 07:51:33 AM] info: 	::1 - - [31/Jul/2025:02:21:33 +0000] "POST /api/users HTTP/1.1" 201 249 "-" "PostmanRuntime/7.44.1"
[2025-07-31 07:52:28 AM] info: 	Authenticated user: Pankaj@BOB.com (owner)
[2025-07-31 07:52:28 AM] info: 	::1 - - [31/Jul/2025:02:22:28 +0000] "POST /api/users HTTP/1.1" 400 29 "-" "PostmanRuntime/7.44.1"
[2025-07-31 07:55:45 AM] info: 	User logged in: priya@BOB.com (Role: frontdesk)
[2025-07-31 07:55:45 AM] info: 	::1 - - [31/Jul/2025:02:25:45 +0000] "POST /api/auth/login HTTP/1.1" 200 382 "-" "PostmanRuntime/7.44.1"
[2025-07-31 08:00:00 AM] info: 	Running scheduled job: Check expiring subscriptions
[2025-07-31 08:00:00 AM] error: 	Error in expiring subscriptions job
[2025-07-31 08:05:37 AM] info: 	Authenticated user: john@fitlife.com (owner)
[2025-07-31 08:05:37 AM] info: 	::1 - - [31/Jul/2025:02:35:37 +0000] "GET /api/auth/me HTTP/1.1" 200 174 "-" "PostmanRuntime/7.44.1"
[2025-07-31 08:05:44 AM] error: 	Authentication error: jwt malformed
[2025-07-31 08:05:44 AM] info: 	::1 - - [31/Jul/2025:02:35:44 +0000] "GET /api/auth/me HTTP/1.1" 401 29 "-" "PostmanRuntime/7.44.1"
[2025-07-31 08:05:58 AM] info: 	Authenticated user: Pankaj@BOB.com (owner)
[2025-07-31 08:05:58 AM] info: 	::1 - - [31/Jul/2025:02:35:58 +0000] "GET /api/auth/me HTTP/1.1" 200 166 "-" "PostmanRuntime/7.44.1"
[2025-07-31 08:06:33 AM] info: 	Authenticated user: superadmin2@example.com (superadmin)
[2025-07-31 08:06:33 AM] info: 	::1 - - [31/Jul/2025:02:36:33 +0000] "GET /api/auth/me HTTP/1.1" 200 176 "-" "PostmanRuntime/7.44.1"
[2025-07-31 08:06:53 AM] info: 	Authenticated user: superadmin2@example.com (superadmin)
[2025-07-31 08:06:53 AM] info: 	::1 - - [31/Jul/2025:02:36:53 +0000] "GET /api/users HTTP/1.1" 403 46 "-" "PostmanRuntime/7.44.1"
[2025-07-31 08:07:09 AM] info: 	Authenticated user: superadmin2@example.com (superadmin)
[2025-07-31 08:07:09 AM] info: 	::1 - - [31/Jul/2025:02:37:09 +0000] "GET /api/users HTTP/1.1" 403 46 "-" "PostmanRuntime/7.44.1"
[2025-07-31 08:09:14 AM] info: 	Authenticated user: priya@BOB.com (frontdesk)
[2025-07-31 08:09:14 AM] info: 	Trainer created by priya@BOB.com: kanupriya@bobgym.com
[2025-07-31 08:09:14 AM] info: 	::1 - - [31/Jul/2025:02:39:14 +0000] "POST /api/trainers HTTP/1.1" 201 226 "-" "PostmanRuntime/7.44.1"
[2025-07-31 08:12:15 AM] info: 	Authenticated user: priya@BOB.com (frontdesk)
[2025-07-31 08:12:15 AM] info: 	::1 - - [31/Jul/2025:02:42:15 +0000] "POST /api/members HTTP/1.1" 201 810 "-" "PostmanRuntime/7.44.1"
[2025-07-31 08:13:55 AM] info: 	Authenticated user: superadmin2@example.com (superadmin)
[2025-07-31 08:13:55 AM] info: 	::1 - - [31/Jul/2025:02:43:55 +0000] "POST /api/tenants HTTP/1.1" 400 51 "-" "PostmanRuntime/7.44.1"
